<?xml version="1.0" encoding="UTF-8"?>
<robot generator="Robot 6.0.1 (Python 3.10.5 on win32)" generated="20230906 10:22:40.198" rpa="false" schemaversion="3">
<suite id="s1" name="SeuBarriga InserirMovimentacao" source="C:\Projetos\Robotframework\Udemy\WebTesting\Testes\SeuBarriga_InserirMovimentacao.robot">
<test id="s1-t1" name="Cenário 01: Criar conta" line="11">
<kw name="Abrir o navegador" library="SeuBarriga_Resources" type="SETUP">
<kw name="Open Browser" library="SeleniumLibrary">
<arg>${URL_BASE}</arg>
<arg>${BROWSER}</arg>
<doc>Opens a new browser instance to the optional ``url``.</doc>
<msg timestamp="20230906 10:22:40.545" level="INFO">Opening browser 'Firefox' to base url 'https://seubarriga.wcaquino.me/login'.</msg>
<msg timestamp="20230906 10:22:40.558" level="INFO">Firefox driver log is always forced to to: C:\Projetos\Robotframework\Udemy\WebTesting\Results\geckodriver-29.log</msg>
<status status="PASS" starttime="20230906 10:22:40.544" endtime="20230906 10:22:54.704"/>
</kw>
<kw name="Maximize Browser Window" library="SeleniumLibrary">
<doc>Maximizes current browser window.</doc>
<status status="PASS" starttime="20230906 10:22:54.704" endtime="20230906 10:22:54.712"/>
</kw>
<status status="PASS" starttime="20230906 10:22:40.544" endtime="20230906 10:22:54.712"/>
</kw>
<kw name="Dado que eu esteja acessando o site do Seu Barriga" library="SeuBarriga_Resources">
<kw name="Go To" library="SeleniumLibrary">
<arg>url=${URL_BASE}</arg>
<doc>Navigates the current browser window to the provided ``url``.</doc>
<msg timestamp="20230906 10:22:54.714" level="INFO">Opening url 'https://seubarriga.wcaquino.me/login'</msg>
<status status="PASS" starttime="20230906 10:22:54.713" endtime="20230906 10:22:55.261"/>
</kw>
<kw name="Wait Until Element Is Visible" library="SeleniumLibrary">
<arg>locator=${CAMINHO}</arg>
<doc>Waits until the element ``locator`` is visible.</doc>
<status status="PASS" starttime="20230906 10:22:55.261" endtime="20230906 10:22:55.379"/>
</kw>
<kw name="Sleep" library="BuiltIn">
<arg>2</arg>
<doc>Pauses the test executed for the given time.</doc>
<msg timestamp="20230906 10:22:57.388" level="INFO">Slept 2 seconds</msg>
<status status="PASS" starttime="20230906 10:22:55.379" endtime="20230906 10:22:57.391"/>
</kw>
<kw name="Input Text" library="SeleniumLibrary">
<arg>id=email</arg>
<arg>text=${USUARIO}</arg>
<doc>Types the given ``text`` into the text field identified by ``locator``.</doc>
<msg timestamp="20230906 10:22:57.395" level="INFO">Typing text 'caintmail548@gmail.com' into text field 'id=email'.</msg>
<status status="PASS" starttime="20230906 10:22:57.392" endtime="20230906 10:22:57.460"/>
</kw>
<kw name="Input Password" library="SeleniumLibrary">
<arg>id=senha</arg>
<arg>password=${SENHA}</arg>
<doc>Types the given password into the text field identified by ``locator``.</doc>
<msg timestamp="20230906 10:22:57.461" level="INFO">Typing password into text field 'id=senha'.</msg>
<msg timestamp="20230906 10:22:57.467" level="INFO">Temporally setting log level to: NONE</msg>
<msg timestamp="20230906 10:22:57.479" level="INFO">Log level changed from NONE to INFO.</msg>
<status status="PASS" starttime="20230906 10:22:57.460" endtime="20230906 10:22:57.479"/>
</kw>
<kw name="Sleep" library="BuiltIn">
<arg>2</arg>
<doc>Pauses the test executed for the given time.</doc>
<msg timestamp="20230906 10:22:59.481" level="INFO">Slept 2 seconds</msg>
<status status="PASS" starttime="20230906 10:22:57.479" endtime="20230906 10:22:59.483"/>
</kw>
<kw name="Click Button" library="SeleniumLibrary">
<arg>xpath=//button[@type='submit'][contains(.,'Entrar')]</arg>
<doc>Clicks the button identified by ``locator``.</doc>
<msg timestamp="20230906 10:22:59.485" level="INFO">Clicking button 'xpath=//button[@type='submit'][contains(.,'Entrar')]'.</msg>
<status status="PASS" starttime="20230906 10:22:59.483" endtime="20230906 10:23:00.095"/>
</kw>
<status status="PASS" starttime="20230906 10:22:54.713" endtime="20230906 10:23:00.095"/>
</kw>
<kw name="Quando eu clicar no menu contas" library="SeuBarriga_Resources">
<kw name="Wait Until Element Is Visible" library="SeleniumLibrary">
<arg>locator=${CAMINHO}</arg>
<doc>Waits until the element ``locator`` is visible.</doc>
<status status="PASS" starttime="20230906 10:23:00.097" endtime="20230906 10:23:00.115"/>
</kw>
<kw name="Click Element" library="SeleniumLibrary">
<arg>locator=//a[contains(@class,'dropdown-toggle')]</arg>
<doc>Click the element identified by ``locator``.</doc>
<msg timestamp="20230906 10:23:00.116" level="INFO">Clicking element '//a[contains(@class,'dropdown-toggle')]'.</msg>
<status status="PASS" starttime="20230906 10:23:00.115" endtime="20230906 10:23:00.339"/>
</kw>
<status status="PASS" starttime="20230906 10:23:00.096" endtime="20230906 10:23:00.339"/>
</kw>
<kw name="E eu selecionar a opção Adicionar" library="SeuBarriga_Resources">
<kw name="Click Element" library="SeleniumLibrary">
<arg>locator=//a[contains(.,'Adicionar')]</arg>
<doc>Click the element identified by ``locator``.</doc>
<msg timestamp="20230906 10:23:00.340" level="INFO">Clicking element '//a[contains(.,'Adicionar')]'.</msg>
<status status="PASS" starttime="20230906 10:23:00.340" endtime="20230906 10:23:00.575"/>
</kw>
<kw name="Sleep" library="BuiltIn">
<arg>2</arg>
<doc>Pauses the test executed for the given time.</doc>
<msg timestamp="20230906 10:23:02.587" level="INFO">Slept 2 seconds</msg>
<status status="PASS" starttime="20230906 10:23:00.575" endtime="20230906 10:23:02.587"/>
</kw>
<status status="PASS" starttime="20230906 10:23:00.340" endtime="20230906 10:23:02.588"/>
</kw>
<kw name="E eu informar os dados da conta nova" library="SeuBarriga_Resources">
<kw name="Generate Random String" library="String">
<var>${NOME_CONTA}</var>
<arg>10</arg>
<arg>[LETTERS]</arg>
<doc>Generates a string with a desired ``length`` from the given ``chars``.</doc>
<msg timestamp="20230906 10:23:02.593" level="INFO">${NOME_CONTA} = DaUnoeLEZL</msg>
<status status="PASS" starttime="20230906 10:23:02.591" endtime="20230906 10:23:02.593"/>
</kw>
<kw name="Input Text" library="SeleniumLibrary">
<arg>id=nome</arg>
<arg>${NOME_CONTA}</arg>
<doc>Types the given ``text`` into the text field identified by ``locator``.</doc>
<msg timestamp="20230906 10:23:02.595" level="INFO">Typing text 'DaUnoeLEZL' into text field 'id=nome'.</msg>
<status status="PASS" starttime="20230906 10:23:02.593" endtime="20230906 10:23:02.663"/>
</kw>
<kw name="Click Button" library="SeleniumLibrary">
<arg>locator=//button[@type='submit'][contains(.,'Salvar')]</arg>
<doc>Clicks the button identified by ``locator``.</doc>
<msg timestamp="20230906 10:23:02.664" level="INFO">Clicking button '//button[@type='submit'][contains(.,'Salvar')]'.</msg>
<status status="PASS" starttime="20230906 10:23:02.663" endtime="20230906 10:23:02.976"/>
</kw>
<kw name="Log" library="BuiltIn">
<arg>O nome da conta é: ${NOME_CONTA}</arg>
<doc>Logs the given message with the given level.</doc>
<msg timestamp="20230906 10:23:02.977" level="INFO">O nome da conta é: DaUnoeLEZL</msg>
<status status="PASS" starttime="20230906 10:23:02.977" endtime="20230906 10:23:02.977"/>
</kw>
<status status="PASS" starttime="20230906 10:23:02.590" endtime="20230906 10:23:02.977"/>
</kw>
<kw name="Então eu vejo a conta criada com sucesso" library="SeuBarriga_Resources">
<kw name="Wait Until Element Is Visible" library="SeleniumLibrary">
<arg>locator=//th[contains(.,'Conta')]</arg>
<doc>Waits until the element ``locator`` is visible.</doc>
<status status="PASS" starttime="20230906 10:23:02.978" endtime="20230906 10:23:03.040"/>
</kw>
<status status="PASS" starttime="20230906 10:23:02.977" endtime="20230906 10:23:03.040"/>
</kw>
<status status="PASS" starttime="20230906 10:22:40.544" endtime="20230906 10:23:03.042"/>
</test>
<doc>Suite testa a inclusão de dados no site Seu Barriga
Comandline de execução: robot -d ./Results TestesSeuBarriga_InserirMovimentacao.robot</doc>
<status status="PASS" starttime="20230906 10:22:40.200" endtime="20230906 10:23:03.045"/>
</suite>
<statistics>
<total>
<stat pass="1" fail="0" skip="0">All Tests</stat>
</total>
<tag>
</tag>
<suite>
<stat pass="1" fail="0" skip="0" id="s1" name="SeuBarriga InserirMovimentacao">SeuBarriga InserirMovimentacao</stat>
</suite>
</statistics>
<errors>
</errors>
</robot>
